JVM info: Microsoft - 21.0.3 - 21.0.3+9-LTS
java.net.preferIPv4Stack=true
Current Time: 29/07/2024 08:58:11
Host: maven.neoforged.net [109.61.91.231]
Host: libraries.minecraft.net [13.107.246.41]
Host: launchermeta.mojang.com [13.107.246.41]
Host: piston-meta.mojang.com [13.107.246.41]
Host: sessionserver.mojang.com [13.107.246.41]
Found java version 21.0.3
Following redirect: https://neoforged.net/mirrorlist.json
Exception in thread "main" java.awt.HeadlessException: 
No X11 DISPLAY variable was set,
or no headful library support was found,
but this program performed an operation which requires it,
	at java.desktop/java.awt.GraphicsEnvironment.checkHeadless(GraphicsEnvironment.java:166)
	at java.desktop/java.awt.Window.<init>(Window.java:553)
	at java.desktop/java.awt.Frame.<init>(Frame.java:428)
	at java.desktop/java.awt.Frame.<init>(Frame.java:393)
	at java.desktop/javax.swing.SwingUtilities$SharedOwnerFrame.<init>(SwingUtilities.java:1925)
	at java.desktop/javax.swing.SwingUtilities.getSharedOwnerFrame(SwingUtilities.java:2001)
	at java.desktop/javax.swing.JOptionPane.getRootFrame(JOptionPane.java:1696)
	at java.desktop/javax.swing.JOptionPane.showOptionDialog(JOptionPane.java:875)
	at java.desktop/javax.swing.JOptionPane.showMessageDialog(JOptionPane.java:677)
	at java.desktop/javax.swing.JOptionPane.showMessageDialog(JOptionPane.java:648)
	at net.minecraftforge.installer.SimpleInstaller.launchGui(SimpleInstaller.java:199)
	at net.minecraftforge.installer.SimpleInstaller.main(SimpleInstaller.java:175)
